11:17:06 - info: File: .keep does not match pattern: /\.js$/
11:17:06 - error:  SequelizeHostNotFoundError: getaddrinfo ENOTFOUND host host:5432
    at /home/ktemes/kt-express-js/node_modules/sequelize/lib/dialects/postgres/connection-manager.js:102:20
    at Connection.<anonymous> (/home/ktemes/kt-express-js/node_modules/pg/lib/client.js:176:5)
    at Connection.emit (events.js:159:13)
    at Socket.<anonymous> (/home/ktemes/kt-express-js/node_modules/pg/lib/connection.js:59:10)
    at Socket.emit (events.js:159:13)
    at emitErrorNT (internal/streams/destroy.js:64:8)
    at process._tickCallback (internal/process/next_tick.js:152:19)
08:59:58 - info: File: .keep does not match pattern: /\.js$/
08:59:58 - info: Executing (default): CREATE TABLE IF NOT EXISTS "SequelizeMeta" ("name" VARCHAR(255) NOT NULL UNIQUE , UNIQUE ("name"), PRIMARY KEY ("name"));
08:59:58 - info: Executing (default): SELECT i.relname AS name, ix.indisprimary AS primary, ix.indisunique AS unique, ix.indkey AS indkey, array_agg(a.attnum) as column_indexes, array_agg(a.attname) AS column_names, pg_get_indexdef(ix.indexrelid) AS definition FROM pg_class t, pg_class i, pg_index ix, pg_attribute a WHERE t.oid = ix.indrelid AND i.oid = ix.indexrelid AND a.attrelid = t.oid AND t.relkind = 'r' and t.relname = 'SequelizeMeta' GROUP BY i.relname, ix.indexrelid, ix.indisprimary, ix.indisunique, ix.indkey ORDER BY i.relname;
08:59:58 - info: Executing (default): SELECT "name" FROM "SequelizeMeta" AS "SequelizeMeta" ORDER BY "SequelizeMeta"."name" ASC;
08:59:58 - info: Listening on port: 8080
09:00:01 - info: File: .keep does not match pattern: /\.js$/
09:00:01 - info: Executing (default): CREATE TABLE IF NOT EXISTS "SequelizeMeta" ("name" VARCHAR(255) NOT NULL UNIQUE , UNIQUE ("name"), PRIMARY KEY ("name"));
09:00:01 - info: Executing (default): SELECT i.relname AS name, ix.indisprimary AS primary, ix.indisunique AS unique, ix.indkey AS indkey, array_agg(a.attnum) as column_indexes, array_agg(a.attname) AS column_names, pg_get_indexdef(ix.indexrelid) AS definition FROM pg_class t, pg_class i, pg_index ix, pg_attribute a WHERE t.oid = ix.indrelid AND i.oid = ix.indexrelid AND a.attrelid = t.oid AND t.relkind = 'r' and t.relname = 'SequelizeMeta' GROUP BY i.relname, ix.indexrelid, ix.indisprimary, ix.indisunique, ix.indkey ORDER BY i.relname;
09:00:01 - info: Executing (default): SELECT "name" FROM "SequelizeMeta" AS "SequelizeMeta" ORDER BY "SequelizeMeta"."name" ASC;
09:00:01 - info: Listening on port: 8080
09:09:27 - info: File: .keep does not match pattern: /\.js$/
09:09:27 - info: Executing (default): CREATE TABLE IF NOT EXISTS "SequelizeMeta" ("name" VARCHAR(255) NOT NULL UNIQUE , UNIQUE ("name"), PRIMARY KEY ("name"));
09:09:27 - info: Executing (default): SELECT i.relname AS name, ix.indisprimary AS primary, ix.indisunique AS unique, ix.indkey AS indkey, array_agg(a.attnum) as column_indexes, array_agg(a.attname) AS column_names, pg_get_indexdef(ix.indexrelid) AS definition FROM pg_class t, pg_class i, pg_index ix, pg_attribute a WHERE t.oid = ix.indrelid AND i.oid = ix.indexrelid AND a.attrelid = t.oid AND t.relkind = 'r' and t.relname = 'SequelizeMeta' GROUP BY i.relname, ix.indexrelid, ix.indisprimary, ix.indisunique, ix.indkey ORDER BY i.relname;
09:09:27 - info: Executing (default): SELECT "name" FROM "SequelizeMeta" AS "SequelizeMeta" ORDER BY "SequelizeMeta"."name" ASC;
09:09:27 - info: Listening on port: 8080
09:09:34 - info: File: .keep does not match pattern: /\.js$/
09:09:34 - info: Executing (default): CREATE TABLE IF NOT EXISTS "SequelizeMeta" ("name" VARCHAR(255) NOT NULL UNIQUE , UNIQUE ("name"), PRIMARY KEY ("name"));
09:09:34 - info: Executing (default): SELECT i.relname AS name, ix.indisprimary AS primary, ix.indisunique AS unique, ix.indkey AS indkey, array_agg(a.attnum) as column_indexes, array_agg(a.attname) AS column_names, pg_get_indexdef(ix.indexrelid) AS definition FROM pg_class t, pg_class i, pg_index ix, pg_attribute a WHERE t.oid = ix.indrelid AND i.oid = ix.indexrelid AND a.attrelid = t.oid AND t.relkind = 'r' and t.relname = 'SequelizeMeta' GROUP BY i.relname, ix.indexrelid, ix.indisprimary, ix.indisunique, ix.indkey ORDER BY i.relname;
09:09:34 - info: Executing (default): SELECT "name" FROM "SequelizeMeta" AS "SequelizeMeta" ORDER BY "SequelizeMeta"."name" ASC;
09:09:34 - info: Listening on port: 8080
